app/build/intermediates/manifest_merge_blame_file/debug/processDebugMainManifest/manifest-merger-blame-debug-report.txt
1<?xml version="1.0" encoding="utf-8"?>
2<manifest xmlns:android="http://schemas.android.com/apk/res/android"
3    package="dev.ambitionsoftware.tymeboxed.debug"
4    android:versionCode="1"
5    android:versionName="0.1.0-debug" >
6
7    <uses-sdk
8        android:minSdkVersion="28"
9        android:targetSdkVersion="34" />
10
11    <!-- =========================================================== -->
12    <!-- Android has no Screen Time API, so the blocking engine uses -->
13    <!-- a broad set of permissions. Each is surfaced in the in-app -->
14    <!-- Settings > Permissions card with a deep-link to grant it. -->
15    <!-- =========================================================== -->
16
17
18    <!-- Required for the blocking engine (Phase 3) -->
19    <uses-permission android:name="android.permission.PACKAGE_USAGE_STATS" />
19-->src/main/AndroidManifest.xml:12:5-13:47
19-->src/main/AndroidManifest.xml:12:22-75
20    <uses-permission android:name="android.permission.SYSTEM_ALERT_WINDOW" />
20-->src/main/AndroidManifest.xml:14:5-78
20-->src/main/AndroidManifest.xml:14:22-75
21    <uses-permission android:name="android.permission.QUERY_ALL_PACKAGES" />
21-->src/main/AndroidManifest.xml:15:5-16:53
21-->src/main/AndroidManifest.xml:15:22-74
22
23    <!-- Foreground service for the active-session "live activity" equivalent -->
24    <uses-permission android:name="android.permission.FOREGROUND_SERVICE" />
24-->src/main/AndroidManifest.xml:19:5-77
24-->src/main/AndroidManifest.xml:19:22-74
25    <uses-permission android:name="android.permission.FOREGROUND_SERVICE_SPECIAL_USE" />
25-->src/main/AndroidManifest.xml:20:5-89
25-->src/main/AndroidManifest.xml:20:22-86
26    <uses-permission android:name="android.permission.POST_NOTIFICATIONS" />
26-->src/main/AndroidManifest.xml:21:5-77
26-->src/main/AndroidManifest.xml:21:22-74
27    <uses-permission android:name="android.permission.WAKE_LOCK" />
27-->src/main/AndroidManifest.xml:22:5-68
27-->src/main/AndroidManifest.xml:22:22-65
28
29    <!-- Timer / scheduling precision -->
30    <uses-permission android:name="android.permission.SCHEDULE_EXACT_ALARM" />
30-->src/main/AndroidManifest.xml:25:5-79
30-->src/main/AndroidManifest.xml:25:22-76
31    <uses-permission android:name="android.permission.USE_EXACT_ALARM" />
31-->src/main/AndroidManifest.xml:26:5-74
31-->src/main/AndroidManifest.xml:26:22-71
32
33    <!-- Keep the accessibility service alive across Doze / app standby -->
34    <uses-permission android:name="android.permission.REQUEST_IGNORE_BATTERY_OPTIMIZATIONS" />
34-->src/main/AndroidManifest.xml:29:5-95
34-->src/main/AndroidManifest.xml:29:22-92
35
36    <!-- Restart an active session after device reboot -->
37    <uses-permission android:name="android.permission.RECEIVE_BOOT_COMPLETED" />
37-->src/main/AndroidManifest.xml:32:5-81
37-->src/main/AndroidManifest.xml:32:22-78
38
39    <!-- NFC strategies (Tyme Boxed Mode / Manual Start) -->
40    <uses-permission android:name="android.permission.NFC" />
40-->src/main/AndroidManifest.xml:35:5-62
40-->src/main/AndroidManifest.xml:35:22-59
41
42    <uses-feature
42-->src/main/AndroidManifest.xml:36:5-38:36
43        android:name="android.hardware.nfc"
43-->src/main/AndroidManifest.xml:37:9-44
44        android:required="false" />
44-->src/main/AndroidManifest.xml:38:9-33
45
46    <!-- Haptics on button press -->
47    <uses-permission android:name="android.permission.VIBRATE" />
47-->src/main/AndroidManifest.xml:41:5-66
47-->src/main/AndroidManifest.xml:41:22-63
48
49    <!-- Future: tag verification via backend (unused in Phase 1) -->
50    <uses-permission android:name="android.permission.INTERNET" />
50-->src/main/AndroidManifest.xml:44:5-67
50-->src/main/AndroidManifest.xml:44:22-64
51    <uses-permission android:name="android.permission.ACCESS_NETWORK_STATE" />
51-->src/main/AndroidManifest.xml:45:5-79
51-->src/main/AndroidManifest.xml:45:22-76
52
53    <permission
53-->[androidx.core:core:1.13.1] AndroidManifest.xml:22:5-24:47
54        android:name="dev.ambitionsoftware.tymeboxed.debug.DYNAMIC_RECEIVER_NOT_EXPORTED_PERMISSION"
54-->[androidx.core:core:1.13.1] AndroidManifest.xml:23:9-81
55        android:protectionLevel="signature" />
55-->[androidx.core:core:1.13.1] AndroidManifest.xml:24:9-44
56
57    <uses-permission android:name="dev.ambitionsoftware.tymeboxed.debug.DYNAMIC_RECEIVER_NOT_EXPORTED_PERMISSION" />
57-->[androidx.core:core:1.13.1] AndroidManifest.xml:26:5-97
57-->[androidx.core:core:1.13.1] AndroidManifest.xml:26:22-94
58
59    <application
59-->src/main/AndroidManifest.xml:47:5-131:19
60        android:name="dev.ambitionsoftware.tymeboxed.TymeBoxedApplication"
60-->src/main/AndroidManifest.xml:48:9-45
61        android:allowBackup="false"
61-->src/main/AndroidManifest.xml:49:9-36
62        android:appComponentFactory="androidx.core.app.CoreComponentFactory"
62-->[androidx.core:core:1.13.1] AndroidManifest.xml:28:18-86
63        android:dataExtractionRules="@xml/data_extraction_rules"
63-->src/main/AndroidManifest.xml:50:9-65
64        android:debuggable="true"
65        android:extractNativeLibs="false"
66        android:fullBackupContent="@xml/backup_rules"
66-->src/main/AndroidManifest.xml:51:9-54
67        android:icon="@mipmap/ic_launcher"
67-->src/main/AndroidManifest.xml:52:9-43
68        android:label="@string/app_name"
68-->src/main/AndroidManifest.xml:54:9-41
69        android:roundIcon="@mipmap/ic_launcher_round"
69-->src/main/AndroidManifest.xml:53:9-54
70        android:supportsRtl="true"
70-->src/main/AndroidManifest.xml:55:9-35
71        android:testOnly="true"
72        android:theme="@style/Theme.TymeBoxed" >
72-->src/main/AndroidManifest.xml:56:9-47
73        <activity
73-->src/main/AndroidManifest.xml:59:9-80:20
74            android:name="dev.ambitionsoftware.tymeboxed.MainActivity"
74-->src/main/AndroidManifest.xml:60:13-41
75            android:exported="true"
75-->src/main/AndroidManifest.xml:61:13-36
76            android:launchMode="singleTask"
76-->src/main/AndroidManifest.xml:62:13-44
77            android:theme="@style/Theme.TymeBoxed" >
77-->src/main/AndroidManifest.xml:63:13-51
78            <intent-filter>
78-->src/main/AndroidManifest.xml:64:13-67:29
79                <action android:name="android.intent.action.MAIN" />
79-->src/main/AndroidManifest.xml:65:17-69
79-->src/main/AndroidManifest.xml:65:25-66
80
81                <category android:name="android.intent.category.LAUNCHER" />
81-->src/main/AndroidManifest.xml:66:17-77
81-->src/main/AndroidManifest.xml:66:27-74
82            </intent-filter>
83
84            <!-- NFC NDEF tag discovery (Phase 4). Placed on MainActivity so -->
85            <!-- foreground-dispatch can route reads to the active screen. -->
86            <intent-filter>
86-->src/main/AndroidManifest.xml:71:13-75:29
87                <action android:name="android.nfc.action.NDEF_DISCOVERED" />
87-->src/main/AndroidManifest.xml:72:17-77
87-->src/main/AndroidManifest.xml:72:25-74
88
89                <category android:name="android.intent.category.DEFAULT" />
89-->src/main/AndroidManifest.xml:73:17-76
89-->src/main/AndroidManifest.xml:73:27-73
90
91                <data android:mimeType="text/plain" />
91-->src/main/AndroidManifest.xml:74:17-55
91-->src/main/AndroidManifest.xml:74:23-52
92            </intent-filter>
93            <intent-filter>
93-->src/main/AndroidManifest.xml:76:13-79:29
94                <action android:name="android.nfc.action.TAG_DISCOVERED" />
94-->src/main/AndroidManifest.xml:77:17-76
94-->src/main/AndroidManifest.xml:77:25-73
95
96                <category android:name="android.intent.category.DEFAULT" />
96-->src/main/AndroidManifest.xml:73:17-76
96-->src/main/AndroidManifest.xml:73:27-73
97            </intent-filter>
98        </activity>
99
100        <!-- Blocking engine stubs (full implementation lands in Phase 3). -->
101        <!-- Declared here so the manifest + DI graph line up with Phase 1. -->
102        <service
102-->src/main/AndroidManifest.xml:84:9-95:19
103            android:name="dev.ambitionsoftware.tymeboxed.service.AppBlockerAccessibilityService"
103-->src/main/AndroidManifest.xml:85:13-67
104            android:exported="true"
104-->src/main/AndroidManifest.xml:86:13-36
105            android:label="@string/accessibility_service_label"
105-->src/main/AndroidManifest.xml:88:13-64
106            android:permission="android.permission.BIND_ACCESSIBILITY_SERVICE" >
106-->src/main/AndroidManifest.xml:87:13-79
107            <intent-filter>
107-->src/main/AndroidManifest.xml:89:13-91:29
108                <action android:name="android.accessibilityservice.AccessibilityService" />
108-->src/main/AndroidManifest.xml:90:17-92
108-->src/main/AndroidManifest.xml:90:25-89
109            </intent-filter>
110
111            <meta-data
111-->src/main/AndroidManifest.xml:92:13-94:72
112                android:name="android.accessibilityservice"
112-->src/main/AndroidManifest.xml:93:17-60
113                android:resource="@xml/accessibility_service_config" />
113-->src/main/AndroidManifest.xml:94:17-69
114        </service>
115
116        <!-- Blocker overlay — shows "App Blocked" when user opens a blocked app -->
117        <activity
117-->src/main/AndroidManifest.xml:98:9-104:54
118            android:name="dev.ambitionsoftware.tymeboxed.service.BlockerActivity"
118-->src/main/AndroidManifest.xml:99:13-52
119            android:excludeFromRecents="true"
119-->src/main/AndroidManifest.xml:101:13-46
120            android:exported="false"
120-->src/main/AndroidManifest.xml:100:13-37
121            android:launchMode="singleTask"
121-->src/main/AndroidManifest.xml:103:13-44
122            android:taskAffinity=""
122-->src/main/AndroidManifest.xml:102:13-36
123            android:theme="@style/Theme.TymeBoxed" />
123-->src/main/AndroidManifest.xml:104:13-51
124
125        <service
125-->src/main/AndroidManifest.xml:106:9-113:19
126            android:name="dev.ambitionsoftware.tymeboxed.service.SessionBlockerService"
126-->src/main/AndroidManifest.xml:107:13-58
127            android:exported="false"
127-->src/main/AndroidManifest.xml:108:13-37
128            android:foregroundServiceType="specialUse" >
128-->src/main/AndroidManifest.xml:109:13-55
129            <property
129-->src/main/AndroidManifest.xml:110:13-112:92
130                android:name="android.app.PROPERTY_SPECIAL_USE_FGS_SUBTYPE"
130-->src/main/AndroidManifest.xml:111:17-76
131                android:value="Displays the active focus session timer and stop action." />
131-->src/main/AndroidManifest.xml:112:17-89
132        </service>
133
134        <receiver
134-->src/main/AndroidManifest.xml:115:9-122:20
135            android:name="dev.ambitionsoftware.tymeboxed.service.BootCompletedReceiver"
135-->src/main/AndroidManifest.xml:116:13-58
136            android:exported="true" >
136-->src/main/AndroidManifest.xml:117:13-36
137            <intent-filter>
137-->src/main/AndroidManifest.xml:118:13-121:29
138                <action android:name="android.intent.action.BOOT_COMPLETED" />
138-->src/main/AndroidManifest.xml:119:17-79
138-->src/main/AndroidManifest.xml:119:25-76
139                <action android:name="android.intent.action.LOCKED_BOOT_COMPLETED" />
139-->src/main/AndroidManifest.xml:120:17-86
139-->src/main/AndroidManifest.xml:120:25-83
140            </intent-filter>
141        </receiver>
142        <receiver
142-->src/main/AndroidManifest.xml:124:9-130:20
143            android:name="dev.ambitionsoftware.tymeboxed.service.SessionReminderReceiver"
143-->src/main/AndroidManifest.xml:125:13-60
144            android:exported="false" >
144-->src/main/AndroidManifest.xml:126:13-37
145            <intent-filter>
145-->src/main/AndroidManifest.xml:127:13-129:29
146                <action android:name="dev.ambitionsoftware.tymeboxed.action.SESSION_END_REMINDER" />
146-->src/main/AndroidManifest.xml:128:17-101
146-->src/main/AndroidManifest.xml:128:25-98
147            </intent-filter>
148        </receiver>
149
150        <provider
150-->[androidx.work:work-runtime:2.9.1] AndroidManifest.xml:29:9-37:20
151            android:name="androidx.startup.InitializationProvider"
151-->[androidx.work:work-runtime:2.9.1] AndroidManifest.xml:30:13-67
152            android:authorities="dev.ambitionsoftware.tymeboxed.debug.androidx-startup"
152-->[androidx.work:work-runtime:2.9.1] AndroidManifest.xml:31:13-68
153            android:exported="false" >
153-->[androidx.work:work-runtime:2.9.1] AndroidManifest.xml:32:13-37
154            <meta-data
154-->[androidx.work:work-runtime:2.9.1] AndroidManifest.xml:34:13-36:52
155                android:name="androidx.work.WorkManagerInitializer"
155-->[androidx.work:work-runtime:2.9.1] AndroidManifest.xml:35:17-68
156                android:value="androidx.startup" />
156-->[androidx.work:work-runtime:2.9.1] AndroidManifest.xml:36:17-49
157            <meta-data
157-->[androidx.emoji2:emoji2:1.3.0] AndroidManifest.xml:29:13-31:52
158                android:name="androidx.emoji2.text.EmojiCompatInitializer"
158-->[androidx.emoji2:emoji2:1.3.0] AndroidManifest.xml:30:17-75
159                android:value="androidx.startup" />
159-->[androidx.emoji2:emoji2:1.3.0] AndroidManifest.xml:31:17-49
160            <meta-data
160-->[androidx.lifecycle:lifecycle-process:2.8.6] AndroidManifest.xml:29:13-31:52
161                android:name="androidx.lifecycle.ProcessLifecycleInitializer"
161-->[androidx.lifecycle:lifecycle-process:2.8.6] AndroidManifest.xml:30:17-78
162                android:value="androidx.startup" />
162-->[androidx.lifecycle:lifecycle-process:2.8.6] AndroidManifest.xml:31:17-49
163            <meta-data
163-->[androidx.profileinstaller:profileinstaller:1.3.1] AndroidManifest.xml:29:13-31:52
164                android:name="androidx.profileinstaller.ProfileInstallerInitializer"
164-->[androidx.profileinstaller:profileinstaller:1.3.1] AndroidManifest.xml:30:17-85
165                android:value="androidx.startup" />
165-->[androidx.profileinstaller:profileinstaller:1.3.1] AndroidManifest.xml:31:17-49
166        </provider>
167
168        <service
168-->[androidx.work:work-runtime:2.9.1] AndroidManifest.xml:39:9-45:35
169            android:name="androidx.work.impl.background.systemalarm.SystemAlarmService"
169-->[androidx.work:work-runtime:2.9.1] AndroidManifest.xml:40:13-88
170            android:directBootAware="false"
170-->[androidx.work:work-runtime:2.9.1] AndroidManifest.xml:41:13-44
171            android:enabled="@bool/enable_system_alarm_service_default"
171-->[androidx.work:work-runtime:2.9.1] AndroidManifest.xml:42:13-72
172            android:exported="false" />
172-->[androidx.work:work-runtime:2.9.1] AndroidManifest.xml:43:13-37
173        <service
173-->[androidx.work:work-runtime:2.9.1] AndroidManifest.xml:46:9-52:35
174            android:name="androidx.work.impl.background.systemjob.SystemJobService"
174-->[androidx.work:work-runtime:2.9.1] AndroidManifest.xml:47:13-84
175            android:directBootAware="false"
175-->[androidx.work:work-runtime:2.9.1] AndroidManifest.xml:48:13-44
176            android:enabled="@bool/enable_system_job_service_default"
176-->[androidx.work:work-runtime:2.9.1] AndroidManifest.xml:49:13-70
177            android:exported="true"
177-->[androidx.work:work-runtime:2.9.1] AndroidManifest.xml:50:13-36
178            android:permission="android.permission.BIND_JOB_SERVICE" />
178-->[androidx.work:work-runtime:2.9.1] AndroidManifest.xml:51:13-69
179        <service
179-->[androidx.work:work-runtime:2.9.1] AndroidManifest.xml:53:9-59:35
180            android:name="androidx.work.impl.foreground.SystemForegroundService"
180-->[androidx.work:work-runtime:2.9.1] AndroidManifest.xml:54:13-81
181            android:directBootAware="false"
181-->[androidx.work:work-runtime:2.9.1] AndroidManifest.xml:55:13-44
182            android:enabled="@bool/enable_system_foreground_service_default"
182-->[androidx.work:work-runtime:2.9.1] AndroidManifest.xml:56:13-77
183            android:exported="false" />
183-->[androidx.work:work-runtime:2.9.1] AndroidManifest.xml:57:13-37
184
185        <receiver
185-->[androidx.work:work-runtime:2.9.1] AndroidManifest.xml:61:9-66:35
186            android:name="androidx.work.impl.utils.ForceStopRunnable$BroadcastReceiver"
186-->[androidx.work:work-runtime:2.9.1] AndroidManifest.xml:62:13-88
187            android:directBootAware="false"
187-->[androidx.work:work-runtime:2.9.1] AndroidManifest.xml:63:13-44
188            android:enabled="true"
188-->[androidx.work:work-runtime:2.9.1] AndroidManifest.xml:64:13-35
189            android:exported="false" />
189-->[androidx.work:work-runtime:2.9.1] AndroidManifest.xml:65:13-37
190        <receiver
190-->[androidx.work:work-runtime:2.9.1] AndroidManifest.xml:67:9-77:20
191            android:name="androidx.work.impl.background.systemalarm.ConstraintProxy$BatteryChargingProxy"
191-->[androidx.work:work-runtime:2.9.1] AndroidManifest.xml:68:13-106
192            android:directBootAware="false"
192-->[androidx.work:work-runtime:2.9.1] AndroidManifest.xml:69:13-44
193            android:enabled="false"
193-->[androidx.work:work-runtime:2.9.1] AndroidManifest.xml:70:13-36
194            android:exported="false" >
194-->[androidx.work:work-runtime:2.9.1] AndroidManifest.xml:71:13-37
195            <intent-filter>
195-->[androidx.work:work-runtime:2.9.1] AndroidManifest.xml:73:13-76:29
196                <action android:name="android.intent.action.ACTION_POWER_CONNECTED" />
196-->[androidx.work:work-runtime:2.9.1] AndroidManifest.xml:74:17-87
196-->[androidx.work:work-runtime:2.9.1] AndroidManifest.xml:74:25-84
197                <action android:name="android.intent.action.ACTION_POWER_DISCONNECTED" />
197-->[androidx.work:work-runtime:2.9.1] AndroidManifest.xml:75:17-90
197-->[androidx.work:work-runtime:2.9.1] AndroidManifest.xml:75:25-87
198            </intent-filter>
199        </receiver>
200        <receiver
200-->[androidx.work:work-runtime:2.9.1] AndroidManifest.xml:78:9-88:20
201            android:name="androidx.work.impl.background.systemalarm.ConstraintProxy$BatteryNotLowProxy"
201-->[androidx.work:work-runtime:2.9.1] AndroidManifest.xml:79:13-104
202            android:directBootAware="false"
202-->[androidx.work:work-runtime:2.9.1] AndroidManifest.xml:80:13-44
203            android:enabled="false"
203-->[androidx.work:work-runtime:2.9.1] AndroidManifest.xml:81:13-36
204            android:exported="false" >
204-->[androidx.work:work-runtime:2.9.1] AndroidManifest.xml:82:13-37
205            <intent-filter>
205-->[androidx.work:work-runtime:2.9.1] AndroidManifest.xml:84:13-87:29
206                <action android:name="android.intent.action.BATTERY_OKAY" />
206-->[androidx.work:work-runtime:2.9.1] AndroidManifest.xml:85:17-77
206-->[androidx.work:work-runtime:2.9.1] AndroidManifest.xml:85:25-74
207                <action android:name="android.intent.action.BATTERY_LOW" />
207-->[androidx.work:work-runtime:2.9.1] AndroidManifest.xml:86:17-76
207-->[androidx.work:work-runtime:2.9.1] AndroidManifest.xml:86:25-73
208            </intent-filter>
209        </receiver>
210        <receiver
210-->[androidx.work:work-runtime:2.9.1] AndroidManifest.xml:89:9-99:20
211            android:name="androidx.work.impl.background.systemalarm.ConstraintProxy$StorageNotLowProxy"
211-->[androidx.work:work-runtime:2.9.1] AndroidManifest.xml:90:13-104
212            android:directBootAware="false"
212-->[androidx.work:work-runtime:2.9.1] AndroidManifest.xml:91:13-44
213            android:enabled="false"
213-->[androidx.work:work-runtime:2.9.1] AndroidManifest.xml:92:13-36
214            android:exported="false" >
214-->[androidx.work:work-runtime:2.9.1] AndroidManifest.xml:93:13-37
215            <intent-filter>
215-->[androidx.work:work-runtime:2.9.1] AndroidManifest.xml:95:13-98:29
216                <action android:name="android.intent.action.DEVICE_STORAGE_LOW" />
216-->[androidx.work:work-runtime:2.9.1] AndroidManifest.xml:96:17-83
216-->[androidx.work:work-runtime:2.9.1] AndroidManifest.xml:96:25-80
217                <action android:name="android.intent.action.DEVICE_STORAGE_OK" />
217-->[androidx.work:work-runtime:2.9.1] AndroidManifest.xml:97:17-82
217-->[androidx.work:work-runtime:2.9.1] AndroidManifest.xml:97:25-79
218            </intent-filter>
219        </receiver>
220        <receiver
220-->[androidx.work:work-runtime:2.9.1] AndroidManifest.xml:100:9-109:20
221            android:name="androidx.work.impl.background.systemalarm.ConstraintProxy$NetworkStateProxy"
221-->[androidx.work:work-runtime:2.9.1] AndroidManifest.xml:101:13-103
222            android:directBootAware="false"
222-->[androidx.work:work-runtime:2.9.1] AndroidManifest.xml:102:13-44
223            android:enabled="false"
223-->[androidx.work:work-runtime:2.9.1] AndroidManifest.xml:103:13-36
224            android:exported="false" >
224-->[androidx.work:work-runtime:2.9.1] AndroidManifest.xml:104:13-37
225            <intent-filter>
225-->[androidx.work:work-runtime:2.9.1] AndroidManifest.xml:106:13-108:29
226                <action android:name="android.net.conn.CONNECTIVITY_CHANGE" />
226-->[androidx.work:work-runtime:2.9.1] AndroidManifest.xml:107:17-79
226-->[androidx.work:work-runtime:2.9.1] AndroidManifest.xml:107:25-76
227            </intent-filter>
228        </receiver>
229        <receiver
229-->[androidx.work:work-runtime:2.9.1] AndroidManifest.xml:110:9-121:20
230            android:name="androidx.work.impl.background.systemalarm.RescheduleReceiver"
230-->[androidx.work:work-runtime:2.9.1] AndroidManifest.xml:111:13-88
231            android:directBootAware="false"
231-->[androidx.work:work-runtime:2.9.1] AndroidManifest.xml:112:13-44
232            android:enabled="false"
232-->[androidx.work:work-runtime:2.9.1] AndroidManifest.xml:113:13-36
233            android:exported="false" >
233-->[androidx.work:work-runtime:2.9.1] AndroidManifest.xml:114:13-37
234            <intent-filter>
234-->[androidx.work:work-runtime:2.9.1] AndroidManifest.xml:116:13-120:29
235                <action android:name="android.intent.action.BOOT_COMPLETED" />
235-->src/main/AndroidManifest.xml:119:17-79
235-->src/main/AndroidManifest.xml:119:25-76
236                <action android:name="android.intent.action.TIME_SET" />
236-->[androidx.work:work-runtime:2.9.1] AndroidManifest.xml:118:17-73
236-->[androidx.work:work-runtime:2.9.1] AndroidManifest.xml:118:25-70
237                <action android:name="android.intent.action.TIMEZONE_CHANGED" />
237-->[androidx.work:work-runtime:2.9.1] AndroidManifest.xml:119:17-81
237-->[androidx.work:work-runtime:2.9.1] AndroidManifest.xml:119:25-78
238            </intent-filter>
239        </receiver>
240        <receiver
240-->[androidx.work:work-runtime:2.9.1] AndroidManifest.xml:122:9-131:20
241            android:name="androidx.work.impl.background.systemalarm.ConstraintProxyUpdateReceiver"
241-->[androidx.work:work-runtime:2.9.1] AndroidManifest.xml:123:13-99
242            android:directBootAware="false"
242-->[androidx.work:work-runtime:2.9.1] AndroidManifest.xml:124:13-44
243            android:enabled="@bool/enable_system_alarm_service_default"
243-->[androidx.work:work-runtime:2.9.1] AndroidManifest.xml:125:13-72
244            android:exported="false" >
244-->[androidx.work:work-runtime:2.9.1] AndroidManifest.xml:126:13-37
245            <intent-filter>
245-->[androidx.work:work-runtime:2.9.1] AndroidManifest.xml:128:13-130:29
246                <action android:name="androidx.work.impl.background.systemalarm.UpdateProxies" />
246-->[androidx.work:work-runtime:2.9.1] AndroidManifest.xml:129:17-98
246-->[androidx.work:work-runtime:2.9.1] AndroidManifest.xml:129:25-95
247            </intent-filter>
248        </receiver>
249        <receiver
249-->[androidx.work:work-runtime:2.9.1] AndroidManifest.xml:132:9-142:20
250            android:name="androidx.work.impl.diagnostics.DiagnosticsReceiver"
250-->[androidx.work:work-runtime:2.9.1] AndroidManifest.xml:133:13-78
251            android:directBootAware="false"
251-->[androidx.work:work-runtime:2.9.1] AndroidManifest.xml:134:13-44
252            android:enabled="true"
252-->[androidx.work:work-runtime:2.9.1] AndroidManifest.xml:135:13-35
253            android:exported="true"
253-->[androidx.work:work-runtime:2.9.1] AndroidManifest.xml:136:13-36
254            android:permission="android.permission.DUMP" >
254-->[androidx.work:work-runtime:2.9.1] AndroidManifest.xml:137:13-57
255            <intent-filter>
255-->[androidx.work:work-runtime:2.9.1] AndroidManifest.xml:139:13-141:29
256                <action android:name="androidx.work.diagnostics.REQUEST_DIAGNOSTICS" />
256-->[androidx.work:work-runtime:2.9.1] AndroidManifest.xml:140:17-88
256-->[androidx.work:work-runtime:2.9.1] AndroidManifest.xml:140:25-85
257            </intent-filter>
258        </receiver>
259
260        <activity
260-->[com.google.android.gms:play-services-auth:21.3.0] AndroidManifest.xml:23:9-27:75
261            android:name="com.google.android.gms.auth.api.signin.internal.SignInHubActivity"
261-->[com.google.android.gms:play-services-auth:21.3.0] AndroidManifest.xml:24:13-93
262            android:excludeFromRecents="true"
262-->[com.google.android.gms:play-services-auth:21.3.0] AndroidManifest.xml:25:13-46
263            android:exported="false"
263-->[com.google.android.gms:play-services-auth:21.3.0] AndroidManifest.xml:26:13-37
264            android:theme="@android:style/Theme.Translucent.NoTitleBar" />
264-->[com.google.android.gms:play-services-auth:21.3.0] AndroidManifest.xml:27:13-72
265        <!--
266            Service handling Google Sign-In user revocation. For apps that do not integrate with
267            Google Sign-In, this service will never be started.
268        -->
269        <service
269-->[com.google.android.gms:play-services-auth:21.3.0] AndroidManifest.xml:33:9-37:51
270            android:name="com.google.android.gms.auth.api.signin.RevocationBoundService"
270-->[com.google.android.gms:play-services-auth:21.3.0] AndroidManifest.xml:34:13-89
271            android:exported="true"
271-->[com.google.android.gms:play-services-auth:21.3.0] AndroidManifest.xml:35:13-36
272            android:permission="com.google.android.gms.auth.api.signin.permission.REVOCATION_NOTIFICATION"
272-->[com.google.android.gms:play-services-auth:21.3.0] AndroidManifest.xml:36:13-107
273            android:visibleToInstantApps="true" />
273-->[com.google.android.gms:play-services-auth:21.3.0] AndroidManifest.xml:37:13-48
274
275        <activity
275-->[com.google.android.gms:play-services-base:18.5.0] AndroidManifest.xml:5:9-173
276            android:name="com.google.android.gms.common.api.GoogleApiActivity"
276-->[com.google.android.gms:play-services-base:18.5.0] AndroidManifest.xml:5:19-85
277            android:exported="false"
277-->[com.google.android.gms:play-services-base:18.5.0] AndroidManifest.xml:5:146-170
278            android:theme="@android:style/Theme.Translucent.NoTitleBar" />
278-->[com.google.android.gms:play-services-base:18.5.0] AndroidManifest.xml:5:86-145
279
280        <meta-data
280-->[com.google.android.gms:play-services-basement:18.4.0] AndroidManifest.xml:6:9-122
281            android:name="com.google.android.gms.version"
281-->[com.google.android.gms:play-services-basement:18.4.0] AndroidManifest.xml:6:20-65
282            android:value="@integer/google_play_services_version" />
282-->[com.google.android.gms:play-services-basement:18.4.0] AndroidManifest.xml:6:66-119
283
284        <activity
284-->[androidx.compose.ui:ui-tooling-android:1.7.3] AndroidManifest.xml:23:9-25:39
285            android:name="androidx.compose.ui.tooling.PreviewActivity"
285-->[androidx.compose.ui:ui-tooling-android:1.7.3] AndroidManifest.xml:24:13-71
286            android:exported="true" />
286-->[androidx.compose.ui:ui-tooling-android:1.7.3] AndroidManifest.xml:25:13-36
287
288        <service
288-->[androidx.room:room-runtime:2.6.1] AndroidManifest.xml:24:9-28:63
289            android:name="androidx.room.MultiInstanceInvalidationService"
289-->[androidx.room:room-runtime:2.6.1] AndroidManifest.xml:25:13-74
290            android:directBootAware="true"
290-->[androidx.room:room-runtime:2.6.1] AndroidManifest.xml:26:13-43
291            android:exported="false" />
291-->[androidx.room:room-runtime:2.6.1] AndroidManifest.xml:27:13-37
292
293        <receiver
293-->[androidx.profileinstaller:profileinstaller:1.3.1] AndroidManifest.xml:34:9-52:20
294            android:name="androidx.profileinstaller.ProfileInstallReceiver"
294-->[androidx.profileinstaller:profileinstaller:1.3.1] AndroidManifest.xml:35:13-76
295            android:directBootAware="false"
295-->[androidx.profileinstaller:profileinstaller:1.3.1] AndroidManifest.xml:36:13-44
296            android:enabled="true"
296-->[androidx.profileinstaller:profileinstaller:1.3.1] AndroidManifest.xml:37:13-35
297            android:exported="true"
297-->[androidx.profileinstaller:profileinstaller:1.3.1] AndroidManifest.xml:38:13-36
298            android:permission="android.permission.DUMP" >
298-->[androidx.profileinstaller:profileinstaller:1.3.1] AndroidManifest.xml:39:13-57
299            <intent-filter>
299-->[androidx.profileinstaller:profileinstaller:1.3.1] AndroidManifest.xml:40:13-42:29
300                <action android:name="androidx.profileinstaller.action.INSTALL_PROFILE" />
300-->[androidx.profileinstaller:profileinstaller:1.3.1] AndroidManifest.xml:41:17-91
300-->[androidx.profileinstaller:profileinstaller:1.3.1] AndroidManifest.xml:41:25-88
301            </intent-filter>
302            <intent-filter>
302-->[androidx.profileinstaller:profileinstaller:1.3.1] AndroidManifest.xml:43:13-45:29
303                <action android:name="androidx.profileinstaller.action.SKIP_FILE" />
303-->[androidx.profileinstaller:profileinstaller:1.3.1] AndroidManifest.xml:44:17-85